%!Adobe-FontList 1.14
%Locale:0x409

%BeginFont
Handler:DirectoryHandler
FontType:Invalid
OutlineFileName:E:\My work\Websites\Harmony of Tagret\Font\fontawesome-webfont.eot
FileModTime:1372239632
%EndFont

%BeginFont
Handler:DirectoryHandler
FontType:Invalid
OutlineFileName:E:\My work\Websites\Harmony of Tagret\Font\fontawesome-webfont.svg
FileModTime:1372239632
%EndFont

%BeginFont
Handler:DirectoryHandler
FontType:TrueType
FontName:FontAwesome
FamilyName:FontAwesome
StyleName:Regular
FullName:FontAwesome Regular
MenuName:FontAwesome
StyleBits:0
WritingScript:Roman
OutlineFileName:E:\My work\Websites\Harmony of Tagret\Font\fontawesome-webfont.ttf
DataFormat:sfntData
FileLength:79076
FileModTime:1372239632
WeightClass:400
WidthClass:5
AngleClass:0
%EndFont

%BeginFont
Handler:DirectoryHandler
FontType:Invalid
OutlineFileName:E:\My work\Websites\Harmony of Tagret\Font\fontawesome-webfont.woff
FileModTime:1372239632
%EndFont

%BeginFont
Handler:DirectoryHandler
FontType:Type1
FontName:FontAwesome
FamilyName:FontAwesome
StyleName:Regular
FullName:FontAwesome
MenuName:FontAwesome
StyleBits:0
WritingScript:Roman
OutlineFileName:E:\My work\Websites\Harmony of Tagret\Font\FontAwesome.otf
DataFormat:sfntData
UsesStandardEncoding:yes
isCFF:yes
FileLength:61896
FileModTime:1372239632
WeightClass:400
WidthClass:5
AngleClass:0
%EndFont

